Arguments: 
  /usr/local/bin/node /usr/share/yarn/bin/yarn.js

PATH: 
  /home/takaya/.local/bin:/usr/local/sbin:/usr/local/bin:/usr/sbin:/usr/bin:/sbin:/bin:/usr/games:/usr/local/games:/snap/bin:/snap/bin:/usr/lib/postgresql/14/bin

Yarn version: 
  1.22.19

Node version: 
  16.18.0

Platform: 
  linux x64

Trace: 
  Error: getaddrinfo EAI_AGAIN registry.yarnpkg.com
      at GetAddrInfoReqWrap.onlookup [as oncomplete] (node:dns:109:26)

npm manifest: 
  {
    "name": "frontend",
    "version": "0.1.0",
    "private": true,
    "scripts": {
      "dev": "next dev",
      "build": "next build",
      "start": "next start",
      "lint": "next lint --dir src"
    },
    "dependencies": {
      "@chakra-ui/icons": "^2.0.17",
      "@chakra-ui/react": "^2.4.9",
      "@emotion/react": "^11.10.5",
      "@emotion/styled": "^11.10.5",
      "@next/font": "13.1.6",
      "@types/node": "18.11.18",
      "@types/react": "18.0.27",
      "@types/react-datepicker": "^4.8.0",
      "@types/react-dom": "18.0.10",
      "axios": "^1.2.6",
      "eslint": "8.33.0",
      "eslint-config-next": "13.1.6",
      "framer-motion": "^8.5.5",
      "next": "13.1.6",
      "nookies": "^2.5.2",
      "react": "18.2.0",
      "react-datepicker": "^4.10.0",
      "react-dom": "^18.2.0",
      "react-hook-form": "^7.43.0",
      "react-query": "^3.39.3",
      "styled-components": "^5.3.6",
      "typescript": "4.9.5"
    },
    "devDependencies": {
      "@types/react-query": "^1.2.9",
      "eslint-config-prettier": "^8.6.0",
      "prettier": "^2.8.3"
    }
  }

yarn manifest: 
  No manifest

Lockfile: 
  No lockfile
